<?xml version="1.0" encoding="UTF-8"?>
<!-- Generated by org.testng.reporters.JUnitReportReporter -->
<testsuite hostname="LTIN511972" failures="0" tests="1" name="testCases.TC_003_ForBusiness" time="10.376" errors="0" timestamp="2024-05-07T11:25:07 IST" skipped="0">
  <testcase classname="testCases.TC_003_ForBusiness" name="enterpriseValidation" time="10.376"/>
</testsuite> <!-- testCases.TC_003_ForBusiness -->
