<?xml version="1.0" encoding="UTF-8"?>
<!-- Generated by org.testng.reporters.JUnitReportReporter -->
<testsuite hostname="LTIN511972" failures="0" tests="1" name="testCases.TC_002_Explore" time="3.331" errors="0" timestamp="2024-05-07T11:25:07 IST" skipped="0">
  <testcase classname="testCases.TC_002_Explore" name="exploreValidation" time="3.331"/>
</testsuite> <!-- testCases.TC_002_Explore -->
