<?xml version="1.0" encoding="UTF-8"?>
<!-- Generated by org.testng.reporters.JUnitReportReporter -->
<testsuite hostname="LTIN511972" failures="0" tests="1" name="testCases.TC_001_IdentifyCourses" time="11.777" errors="0" timestamp="2024-05-07T11:25:07 IST" skipped="0">
  <testcase classname="testCases.TC_001_IdentifyCourses" name="IdentifyCoursesValidation" time="11.777"/>
</testsuite> <!-- testCases.TC_001_IdentifyCourses -->
